#! /usr/local/Cellar/icarus-verilog/10.2_1/bin/vvp
:ivl_version "10.2 (stable)" "(v10_2)";
:ivl_delay_selection "TYPICAL";
:vpi_time_precision + 0;
:vpi_module "system";
:vpi_module "vhdl_sys";
:vpi_module "v2005_math";
:vpi_module "va_math";
S_0x7fd241c03700 .scope module, "pb1TB" "pb1TB" 2 1;
 .timescale 0 0;
v0x7fd241c152b0_0 .var "clock", 0 0;
v0x7fd241c15350_0 .net "decoded", 255 0, v0x7fd241c14360_0;  1 drivers
v0x7fd241c15400_0 .net "memout", 31 0, L_0x7fd241c15ba0;  1 drivers
v0x7fd241c154f0_0 .net "progcount", 31 0, v0x7fd241c150e0_0;  1 drivers
v0x7fd241c15580_0 .net "res", 31 0, v0x7fd241c039d0_0;  1 drivers
S_0x7fd241c03860 .scope module, "add" "add4" 2 10, 3 1 0, S_0x7fd241c03700;
 .timescale 0 0;
    .port_info 0 /INPUT 32 "cur"
    .port_info 1 /OUTPUT 32 "counted"
v0x7fd241c039d0_0 .var "counted", 31 0;
v0x7fd241c13a90_0 .net "cur", 31 0, v0x7fd241c150e0_0;  alias, 1 drivers
E_0x7fd241c03350 .event edge, v0x7fd241c13a90_0;
S_0x7fd241c13b50 .scope module, "decoder_test" "decoder" 2 12, 4 1 0, S_0x7fd241c03700;
 .timescale 0 0;
    .port_info 0 /INPUT 32 "inst"
    .port_info 1 /OUTPUT 256 "str"
v0x7fd241c13d80_0 .var "func3", 2 0;
v0x7fd241c13e40_0 .var "func7", 6 0;
v0x7fd241c13ef0_0 .var "imm12", 11 0;
v0x7fd241c13fb0_0 .net "inst", 31 0, L_0x7fd241c15ba0;  alias, 1 drivers
v0x7fd241c14060_0 .var "opcode", 6 0;
v0x7fd241c14150_0 .var "rd", 4 0;
v0x7fd241c14200_0 .var "rs1", 4 0;
v0x7fd241c142b0_0 .var "rs2", 4 0;
v0x7fd241c14360_0 .var "str", 255 0;
E_0x7fd241c13d30 .event edge, v0x7fd241c13fb0_0;
S_0x7fd241c144a0 .scope module, "mem_test" "memory" 2 11, 5 9 0, S_0x7fd241c03700;
 .timescale 0 0;
    .port_info 0 /INPUT 32 "in"
    .port_info 1 /OUTPUT 32 "out"
L_0x7fd241c15ba0 .functor BUFZ 32, L_0x7fd241c15690, C4<00000000000000000000000000000000>, C4<00000000000000000000000000000000>, C4<00000000000000000000000000000000>;
v0x7fd241c14680_0 .net *"_s0", 31 0, L_0x7fd241c15690;  1 drivers
L_0x10136c098 .functor BUFT 1, C4<000000000000000000000000000000100>, C4<0>, C4<0>, C4<0>;
v0x7fd241c14710_0 .net/2u *"_s10", 32 0, L_0x10136c098;  1 drivers
v0x7fd241c147c0_0 .net *"_s12", 32 0, L_0x7fd241c15a40;  1 drivers
v0x7fd241c14880_0 .net *"_s2", 32 0, L_0x7fd241c15730;  1 drivers
L_0x10136c008 .functor BUFT 1, C4<0>, C4<0>, C4<0>, C4<0>;
v0x7fd241c14930_0 .net *"_s5", 0 0, L_0x10136c008;  1 drivers
L_0x10136c050 .functor BUFT 1, C4<000000000000000000001000000000000>, C4<0>, C4<0>, C4<0>;
v0x7fd241c14a20_0 .net/2u *"_s6", 32 0, L_0x10136c050;  1 drivers
v0x7fd241c14ad0_0 .net *"_s8", 32 0, L_0x7fd241c158e0;  1 drivers
v0x7fd241c14b80_0 .net "in", 31 0, v0x7fd241c150e0_0;  alias, 1 drivers
v0x7fd241c14c20 .array "mem", 0 255, 31 0;
v0x7fd241c14d30_0 .net "out", 31 0, L_0x7fd241c15ba0;  alias, 1 drivers
L_0x7fd241c15690 .array/port v0x7fd241c14c20, L_0x7fd241c15a40;
L_0x7fd241c15730 .concat [ 32 1 0 0], v0x7fd241c150e0_0, L_0x10136c008;
L_0x7fd241c158e0 .arith/sub 33, L_0x7fd241c15730, L_0x10136c050;
L_0x7fd241c15a40 .arith/div 33, L_0x7fd241c158e0, L_0x10136c098;
S_0x7fd241c14df0 .scope module, "p_test" "pc" 2 9, 6 1 0, S_0x7fd241c03700;
 .timescale 0 0;
    .port_info 0 /INPUT 1 "clock"
    .port_info 1 /INPUT 32 "in"
    .port_info 2 /OUTPUT 32 "counter"
v0x7fd241c15030_0 .net "clock", 0 0, v0x7fd241c152b0_0;  1 drivers
v0x7fd241c150e0_0 .var "counter", 31 0;
v0x7fd241c151c0_0 .net "in", 31 0, v0x7fd241c039d0_0;  alias, 1 drivers
E_0x7fd241c14ff0 .event posedge, v0x7fd241c15030_0;
    .scope S_0x7fd241c14df0;
T_0 ;
    %pushi/vec4 4096, 0, 32;
    %store/vec4 v0x7fd241c150e0_0, 0, 32;
    %end;
    .thread T_0;
    .scope S_0x7fd241c14df0;
T_1 ;
    %wait E_0x7fd241c14ff0;
    %load/vec4 v0x7fd241c151c0_0;
    %store/vec4 v0x7fd241c150e0_0, 0, 32;
    %jmp T_1;
    .thread T_1;
    .scope S_0x7fd241c03860;
T_2 ;
    %wait E_0x7fd241c03350;
    %load/vec4 v0x7fd241c13a90_0;
    %addi 4, 0, 32;
    %store/vec4 v0x7fd241c039d0_0, 0, 32;
    %jmp T_2;
    .thread T_2, $push;
    .scope S_0x7fd241c144a0;
T_3 ;
    %vpi_call 5 18 "$readmemh", "mem.in", v0x7fd241c14c20, 32'sb00000000000000000000000000000000, 32'sb00000000000000000000000011111111 {0 0 0};
    %end;
    .thread T_3;
    .scope S_0x7fd241c13b50;
T_4 ;
    %wait E_0x7fd241c13d30;
    %load/vec4 v0x7fd241c13fb0_0;
    %parti/s 7, 0, 2;
    %store/vec4 v0x7fd241c14060_0, 0, 7;
    %load/vec4 v0x7fd241c13fb0_0;
    %parti/s 5, 7, 4;
    %store/vec4 v0x7fd241c14150_0, 0, 5;
    %load/vec4 v0x7fd241c13fb0_0;
    %parti/s 5, 15, 5;
    %store/vec4 v0x7fd241c14200_0, 0, 5;
    %load/vec4 v0x7fd241c13fb0_0;
    %parti/s 5, 20, 6;
    %store/vec4 v0x7fd241c142b0_0, 0, 5;
    %load/vec4 v0x7fd241c13fb0_0;
    %parti/s 3, 12, 5;
    %store/vec4 v0x7fd241c13d80_0, 0, 3;
    %load/vec4 v0x7fd241c13fb0_0;
    %parti/s 7, 25, 6;
    %store/vec4 v0x7fd241c13e40_0, 0, 7;
    %load/vec4 v0x7fd241c13fb0_0;
    %parti/s 12, 20, 6;
    %store/vec4 v0x7fd241c13ef0_0, 0, 12;
    %load/vec4 v0x7fd241c14060_0;
    %dup/vec4;
    %pushi/vec4 51, 0, 7;
    %cmp/u;
    %jmp/1 T_4.0, 6;
    %dup/vec4;
    %pushi/vec4 19, 0, 7;
    %cmp/u;
    %jmp/1 T_4.1, 6;
    %dup/vec4;
    %pushi/vec4 115, 0, 7;
    %cmp/u;
    %jmp/1 T_4.2, 6;
    %jmp T_4.3;
T_4.0 ;
    %load/vec4 v0x7fd241c13d80_0;
    %cmpi/e 0, 0, 3;
    %jmp/0xz  T_4.4, 4;
    %load/vec4 v0x7fd241c14200_0;
    %pad/u 32;
    %cmpi/e 0, 0, 32;
    %jmp/0xz  T_4.6, 4;
    %load/vec4 v0x7fd241c14150_0;
    %pad/u 32;
    %subi 10, 0, 32;
    %vpi_call 4 25 "$sformat", v0x7fd241c14360_0, "add   a%1d   zero   zero", S<0,vec4,u32> {1 0 0};
    %jmp T_4.7;
T_4.6 ;
    %load/vec4 v0x7fd241c14150_0;
    %pad/u 32;
    %subi 10, 0, 32;
    %load/vec4 v0x7fd241c14200_0;
    %pad/u 32;
    %subi 10, 0, 32;
    %load/vec4 v0x7fd241c142b0_0;
    %pad/u 32;
    %subi 10, 0, 32;
    %vpi_call 4 29 "$sformat", v0x7fd241c14360_0, "add   a%1d   a%1d   a%1d", S<2,vec4,u32>, S<1,vec4,u32>, S<0,vec4,u32> {3 0 0};
T_4.7 ;
T_4.4 ;
    %jmp T_4.3;
T_4.1 ;
    %load/vec4 v0x7fd241c142b0_0;
    %pad/u 32;
    %subi 5, 0, 32;
    %cmpi/e 0, 0, 32;
    %jmp/0xz  T_4.8, 4;
    %vpi_call 4 35 "$sformat", v0x7fd241c14360_0, "li   a%d   %d", v0x7fd241c14200_0, v0x7fd241c13ef0_0 {0 0 0};
    %jmp T_4.9;
T_4.8 ;
    %vpi_call 4 39 "$sformat", v0x7fd241c14360_0, "addi   a%d   a%d    a%d", v0x7fd241c14150_0, v0x7fd241c14200_0, v0x7fd241c142b0_0 {0 0 0};
T_4.9 ;
    %jmp T_4.3;
T_4.2 ;
    %vpi_call 4 40 "$sformat", v0x7fd241c14360_0, "ecall" {0 0 0};
    %jmp T_4.3;
T_4.3 ;
    %pop/vec4 1;
    %jmp T_4;
    .thread T_4, $push;
    .scope S_0x7fd241c03700;
T_5 ;
    %pushi/vec4 0, 0, 1;
    %store/vec4 v0x7fd241c152b0_0, 0, 1;
    %end;
    .thread T_5;
    .scope S_0x7fd241c03700;
T_6 ;
    %delay 10, 0;
    %load/vec4 v0x7fd241c152b0_0;
    %inv;
    %store/vec4 v0x7fd241c152b0_0, 0, 1;
    %load/vec4 v0x7fd241c15400_0;
    %cmpi/e 0, 0, 32;
    %jmp/0xz  T_6.0, 4;
    %vpi_call 2 17 "$finish" {0 0 0};
T_6.0 ;
    %jmp T_6;
    .thread T_6;
    .scope S_0x7fd241c03700;
T_7 ;
    %vpi_call 2 21 "$dumpfile", "dump.vcd" {0 0 0};
    %vpi_call 2 22 "$dumpvars", 32'sb00000000000000000000000000000000, S_0x7fd241c03700 {0 0 0};
    %vpi_call 2 24 "$display", $time, ": Reading program mem.in" {0 0 0};
    %vpi_call 2 25 "$display", $time, ": boot." {0 0 0};
    %vpi_call 2 26 "$display", $time, ": PC = 0x%h, IR = 0xxxxxxxxx", v0x7fd241c154f0_0 {0 0 0};
    %vpi_call 2 27 "$monitor", $time, ": PC = 0x%h, IR = 0x%h, %s", v0x7fd241c154f0_0, v0x7fd241c15400_0, v0x7fd241c15350_0 {0 0 0};
    %end;
    .thread T_7;
# The file index is used to find the file name in the following table.
:file_names 7;
    "N/A";
    "<interactive>";
    "pb1TB.v";
    "add4.v";
    "decoder.v";
    "mem.v";
    "pc.v";
